Fri Jul 31 2020 22:04:16 GMT-0700 (Pacific Daylight Time): GET /
Fri Jul 31 2020 22:04:16 GMT-0700 (Pacific Daylight Time): GET /css/style.css
Fri Jul 31 2020 22:04:16 GMT-0700 (Pacific Daylight Time): GET /js/maven.js
Fri Jul 31 2020 22:04:16 GMT-0700 (Pacific Daylight Time): GET /js/maven.js
Fri Jul 31 2020 22:04:16 GMT-0700 (Pacific Daylight Time): GET /css/style.css
Fri Jul 31 2020 22:04:16 GMT-0700 (Pacific Daylight Time): GET /js/maven.js
Fri Jul 31 2020 22:04:36 GMT-0700 (Pacific Daylight Time): GET /sass.html
Fri Jul 31 2020 22:17:38 GMT-0700 (Pacific Daylight Time): GET /
Fri Jul 31 2020 22:17:39 GMT-0700 (Pacific Daylight Time): GET /css/style.css
Fri Jul 31 2020 22:17:39 GMT-0700 (Pacific Daylight Time): GET /js/maven.js
Fri Jul 31 2020 22:17:39 GMT-0700 (Pacific Daylight Time): GET /css/style.css
Fri Jul 31 2020 22:17:39 GMT-0700 (Pacific Daylight Time): GET /js/maven.js
Fri Jul 31 2020 22:17:43 GMT-0700 (Pacific Daylight Time): GET /login.html
Fri Jul 31 2020 22:23:28 GMT-0700 (Pacific Daylight Time): GET /
Fri Jul 31 2020 22:23:29 GMT-0700 (Pacific Daylight Time): GET /css/style.css
Fri Jul 31 2020 22:23:29 GMT-0700 (Pacific Daylight Time): GET /js/maven.js
Fri Jul 31 2020 22:23:29 GMT-0700 (Pacific Daylight Time): GET /css/style.css
Fri Jul 31 2020 22:23:29 GMT-0700 (Pacific Daylight Time): GET /js/maven.js
Fri Jul 31 2020 22:23:34 GMT-0700 (Pacific Daylight Time): GET /login.html
Fri Jul 31 2020 22:44:19 GMT-0700 (Pacific Daylight Time): GET /
Fri Jul 31 2020 22:44:19 GMT-0700 (Pacific Daylight Time): GET /css/style.css
Fri Jul 31 2020 22:44:19 GMT-0700 (Pacific Daylight Time): GET /js/maven.js
Fri Jul 31 2020 22:44:19 GMT-0700 (Pacific Daylight Time): GET /js/login.js
Fri Jul 31 2020 22:44:19 GMT-0700 (Pacific Daylight Time): GET /js/members.js
Fri Jul 31 2020 22:44:19 GMT-0700 (Pacific Daylight Time): GET /css/style.css
Fri Jul 31 2020 22:44:19 GMT-0700 (Pacific Daylight Time): GET /js/maven.js
Fri Jul 31 2020 22:44:19 GMT-0700 (Pacific Daylight Time): GET /js/login.js
Fri Jul 31 2020 22:44:19 GMT-0700 (Pacific Daylight Time): GET /js/members.js
Fri Jul 31 2020 22:44:19 GMT-0700 (Pacific Daylight Time): GET /js/login.js
Fri Jul 31 2020 23:01:23 GMT-0700 (Pacific Daylight Time): GET /
Fri Jul 31 2020 23:01:24 GMT-0700 (Pacific Daylight Time): GET /css/style.css
Fri Jul 31 2020 23:01:24 GMT-0700 (Pacific Daylight Time): GET /js/maven.js
Fri Jul 31 2020 23:01:24 GMT-0700 (Pacific Daylight Time): GET /js/login.js
Fri Jul 31 2020 23:01:24 GMT-0700 (Pacific Daylight Time): GET /js/members.js
Fri Jul 31 2020 23:01:24 GMT-0700 (Pacific Daylight Time): GET /js/maven.js
Fri Jul 31 2020 23:01:24 GMT-0700 (Pacific Daylight Time): GET /css/style.css
Fri Jul 31 2020 23:01:24 GMT-0700 (Pacific Daylight Time): GET /js/maven.js
Fri Jul 31 2020 23:01:24 GMT-0700 (Pacific Daylight Time): GET /js/login.js
Fri Jul 31 2020 23:01:24 GMT-0700 (Pacific Daylight Time): GET /js/members.js
Fri Jul 31 2020 23:01:24 GMT-0700 (Pacific Daylight Time): GET /js/login.js
Fri Jul 31 2020 23:01:46 GMT-0700 (Pacific Daylight Time): GET /css/style.css
Fri Jul 31 2020 23:04:32 GMT-0700 (Pacific Daylight Time): GET /
Fri Jul 31 2020 23:04:33 GMT-0700 (Pacific Daylight Time): GET /css/style.css
Fri Jul 31 2020 23:04:33 GMT-0700 (Pacific Daylight Time): GET /js/maven.js
Fri Jul 31 2020 23:04:33 GMT-0700 (Pacific Daylight Time): GET /js/maven.js
Fri Jul 31 2020 23:04:33 GMT-0700 (Pacific Daylight Time): GET /css/style.css
Fri Jul 31 2020 23:04:33 GMT-0700 (Pacific Daylight Time): GET /js/maven.js
Fri Jul 31 2020 23:04:37 GMT-0700 (Pacific Daylight Time): GET /css/style.css
Fri Jul 31 2020 23:12:48 GMT-0700 (Pacific Daylight Time): GET /
Fri Jul 31 2020 23:12:49 GMT-0700 (Pacific Daylight Time): GET /css/style.css
Fri Jul 31 2020 23:12:49 GMT-0700 (Pacific Daylight Time): GET /js/maven.js
Fri Jul 31 2020 23:12:49 GMT-0700 (Pacific Daylight Time): GET /js/maven.js
Fri Jul 31 2020 23:12:52 GMT-0700 (Pacific Daylight Time): GET /css/style.css
Fri Jul 31 2020 23:14:27 GMT-0700 (Pacific Daylight Time): GET /
Fri Jul 31 2020 23:14:28 GMT-0700 (Pacific Daylight Time): GET /css/style.css
Fri Jul 31 2020 23:14:28 GMT-0700 (Pacific Daylight Time): GET /js/maven.js
Fri Jul 31 2020 23:14:28 GMT-0700 (Pacific Daylight Time): GET /js/maven.js
Fri Jul 31 2020 23:14:31 GMT-0700 (Pacific Daylight Time): GET /css/style.css
Fri Jul 31 2020 23:21:57 GMT-0700 (Pacific Daylight Time): GET /
Fri Jul 31 2020 23:21:58 GMT-0700 (Pacific Daylight Time): GET /css/style.css
Fri Jul 31 2020 23:21:58 GMT-0700 (Pacific Daylight Time): GET /js/maven.js
Fri Jul 31 2020 23:22:01 GMT-0700 (Pacific Daylight Time): GET /css/style.css
Fri Jul 31 2020 23:23:26 GMT-0700 (Pacific Daylight Time): GET /
Fri Jul 31 2020 23:23:27 GMT-0700 (Pacific Daylight Time): GET /css/style.css
Fri Jul 31 2020 23:23:27 GMT-0700 (Pacific Daylight Time): GET /public/js/maven.js
Fri Jul 31 2020 23:23:29 GMT-0700 (Pacific Daylight Time): GET /css/style.css
Fri Jul 31 2020 23:31:07 GMT-0700 (Pacific Daylight Time): GET /
Fri Jul 31 2020 23:31:08 GMT-0700 (Pacific Daylight Time): GET /css/style.css
Fri Jul 31 2020 23:31:08 GMT-0700 (Pacific Daylight Time): GET /js/maven.js
Fri Jul 31 2020 23:31:08 GMT-0700 (Pacific Daylight Time): GET /js/maven.js
Fri Jul 31 2020 23:31:22 GMT-0700 (Pacific Daylight Time): GET /css/style.css
Fri Jul 31 2020 23:32:02 GMT-0700 (Pacific Daylight Time): GET /
Fri Jul 31 2020 23:32:03 GMT-0700 (Pacific Daylight Time): GET /css/style.css
Fri Jul 31 2020 23:32:03 GMT-0700 (Pacific Daylight Time): GET /js/maven.js
Fri Jul 31 2020 23:32:14 GMT-0700 (Pacific Daylight Time): GET /css/style.css
Fri Jul 31 2020 23:52:03 GMT-0700 (Pacific Daylight Time): GET /
Fri Jul 31 2020 23:52:03 GMT-0700 (Pacific Daylight Time): GET /css/style.css
Fri Jul 31 2020 23:52:03 GMT-0700 (Pacific Daylight Time): GET /js/maven.js
Fri Jul 31 2020 23:52:08 GMT-0700 (Pacific Daylight Time): GET /css/style.css
Sat Aug 01 2020 08:07:14 GMT-0700 (Pacific Daylight Time): GET /
Sat Aug 01 2020 08:07:15 GMT-0700 (Pacific Daylight Time): GET /css/style.css
Sat Aug 01 2020 08:07:15 GMT-0700 (Pacific Daylight Time): GET /js/maven.js
Sat Aug 01 2020 08:07:15 GMT-0700 (Pacific Daylight Time): GET /js/maven.js
Sat Aug 01 2020 08:07:25 GMT-0700 (Pacific Daylight Time): GET /css/style.css
Sat Aug 01 2020 08:56:14 GMT-0700 (Pacific Daylight Time): GET /
Sat Aug 01 2020 08:56:15 GMT-0700 (Pacific Daylight Time): GET /js/signup.js
Sat Aug 01 2020 08:56:15 GMT-0700 (Pacific Daylight Time): GET /js/profile.js
Sat Aug 01 2020 08:56:15 GMT-0700 (Pacific Daylight Time): GET /css/style.css
Sat Aug 01 2020 08:56:15 GMT-0700 (Pacific Daylight Time): GET /js/maven.js
Sat Aug 01 2020 08:56:15 GMT-0700 (Pacific Daylight Time): GET /js/home.js
Sat Aug 01 2020 08:56:16 GMT-0700 (Pacific Daylight Time): GET /js/maven.js
Sat Aug 01 2020 08:56:16 GMT-0700 (Pacific Daylight Time): GET /js/home.js
Sat Aug 01 2020 08:56:16 GMT-0700 (Pacific Daylight Time): GET /js/signup.js
Sat Aug 01 2020 08:56:16 GMT-0700 (Pacific Daylight Time): GET /js/profile.js
Sat Aug 01 2020 08:58:32 GMT-0700 (Pacific Daylight Time): GET /
Sat Aug 01 2020 08:58:32 GMT-0700 (Pacific Daylight Time): GET /js/maven.js
Sat Aug 01 2020 08:58:32 GMT-0700 (Pacific Daylight Time): GET /js/home.js
Sat Aug 01 2020 08:58:32 GMT-0700 (Pacific Daylight Time): GET /css/style.css
Sat Aug 01 2020 08:58:32 GMT-0700 (Pacific Daylight Time): GET /js/profile.js
Sat Aug 01 2020 08:58:32 GMT-0700 (Pacific Daylight Time): GET /js/signup.js
Sat Aug 01 2020 08:58:32 GMT-0700 (Pacific Daylight Time): GET /js/maven.js
Sat Aug 01 2020 08:58:32 GMT-0700 (Pacific Daylight Time): GET /js/home.js
Sat Aug 01 2020 08:58:32 GMT-0700 (Pacific Daylight Time): GET /js/signup.js
Sat Aug 01 2020 08:58:32 GMT-0700 (Pacific Daylight Time): GET /js/profile.js
Sat Aug 01 2020 08:58:44 GMT-0700 (Pacific Daylight Time): GET /css/style.css
Sat Aug 01 2020 09:04:53 GMT-0700 (Pacific Daylight Time): GET /
Sat Aug 01 2020 09:04:55 GMT-0700 (Pacific Daylight Time): GET /css/style.css
Sat Aug 01 2020 09:04:55 GMT-0700 (Pacific Daylight Time): GET /js/maven.js
Sat Aug 01 2020 09:04:55 GMT-0700 (Pacific Daylight Time): GET /js/home.js
Sat Aug 01 2020 09:04:55 GMT-0700 (Pacific Daylight Time): GET /js/signup.js
Sat Aug 01 2020 09:04:55 GMT-0700 (Pacific Daylight Time): GET /js/profile.js
Sat Aug 01 2020 09:04:55 GMT-0700 (Pacific Daylight Time): GET /js/maven.js
Sat Aug 01 2020 09:04:55 GMT-0700 (Pacific Daylight Time): GET /js/home.js
Sat Aug 01 2020 09:04:55 GMT-0700 (Pacific Daylight Time): GET /js/signup.js
Sat Aug 01 2020 09:04:55 GMT-0700 (Pacific Daylight Time): GET /js/profile.js
Sat Aug 01 2020 09:05:22 GMT-0700 (Pacific Daylight Time): GET /css/style.css
Sat Aug 01 2020 09:07:08 GMT-0700 (Pacific Daylight Time): GET /
Sat Aug 01 2020 09:07:08 GMT-0700 (Pacific Daylight Time): GET /css/style.css
Sat Aug 01 2020 09:07:08 GMT-0700 (Pacific Daylight Time): GET /public/js/maven.js
Sat Aug 01 2020 09:07:08 GMT-0700 (Pacific Daylight Time): GET /js/home.js
Sat Aug 01 2020 09:07:08 GMT-0700 (Pacific Daylight Time): GET /js/signup.js
Sat Aug 01 2020 09:07:08 GMT-0700 (Pacific Daylight Time): GET /js/profile.js
Sat Aug 01 2020 09:07:08 GMT-0700 (Pacific Daylight Time): GET /public/js/maven.js
Sat Aug 01 2020 09:07:08 GMT-0700 (Pacific Daylight Time): GET /js/home.js
Sat Aug 01 2020 09:07:08 GMT-0700 (Pacific Daylight Time): GET /js/signup.js
Sat Aug 01 2020 09:07:08 GMT-0700 (Pacific Daylight Time): GET /js/profile.js
Sat Aug 01 2020 09:10:27 GMT-0700 (Pacific Daylight Time): GET /
Sat Aug 01 2020 09:10:28 GMT-0700 (Pacific Daylight Time): GET /css/style.css
Sat Aug 01 2020 09:10:28 GMT-0700 (Pacific Daylight Time): GET /public/js/maven.js
Sat Aug 01 2020 09:10:28 GMT-0700 (Pacific Daylight Time): GET /js/home.js
Sat Aug 01 2020 09:10:28 GMT-0700 (Pacific Daylight Time): GET /js/signup.js
Sat Aug 01 2020 09:10:28 GMT-0700 (Pacific Daylight Time): GET /js/profile.js
Sat Aug 01 2020 09:10:28 GMT-0700 (Pacific Daylight Time): GET /public/js/maven.js
Sat Aug 01 2020 09:10:28 GMT-0700 (Pacific Daylight Time): GET /js/home.js
Sat Aug 01 2020 09:10:28 GMT-0700 (Pacific Daylight Time): GET /js/signup.js
Sat Aug 01 2020 09:10:28 GMT-0700 (Pacific Daylight Time): GET /js/profile.js
Sat Aug 01 2020 09:11:28 GMT-0700 (Pacific Daylight Time): GET /
Sat Aug 01 2020 09:11:29 GMT-0700 (Pacific Daylight Time): GET /css/style.css
Sat Aug 01 2020 09:17:17 GMT-0700 (Pacific Daylight Time): GET /
Sat Aug 01 2020 09:17:18 GMT-0700 (Pacific Daylight Time): GET /css/style.css
Sat Aug 01 2020 09:17:25 GMT-0700 (Pacific Daylight Time): GET /css/style.css
Sat Aug 01 2020 09:21:49 GMT-0700 (Pacific Daylight Time): GET /
Sat Aug 01 2020 09:22:06 GMT-0700 (Pacific Daylight Time): GET /
Sat Aug 01 2020 09:22:20 GMT-0700 (Pacific Daylight Time): GET /
Sat Aug 01 2020 09:22:20 GMT-0700 (Pacific Daylight Time): GET /css/style.css
Sat Aug 01 2020 09:22:37 GMT-0700 (Pacific Daylight Time): GET /
Sat Aug 01 2020 09:22:43 GMT-0700 (Pacific Daylight Time): GET /second
Sat Aug 01 2020 09:24:07 GMT-0700 (Pacific Daylight Time): GET /
Sat Aug 01 2020 09:24:23 GMT-0700 (Pacific Daylight Time): GET /
Sat Aug 01 2020 09:24:23 GMT-0700 (Pacific Daylight Time): GET /public/js/maven.js
Sat Aug 01 2020 09:24:23 GMT-0700 (Pacific Daylight Time): GET /js/home.js
Sat Aug 01 2020 09:24:23 GMT-0700 (Pacific Daylight Time): GET /js/profile.js
Sat Aug 01 2020 09:24:23 GMT-0700 (Pacific Daylight Time): GET /public/js/maven.js
Sat Aug 01 2020 09:24:23 GMT-0700 (Pacific Daylight Time): GET /js/home.js
Sat Aug 01 2020 09:24:23 GMT-0700 (Pacific Daylight Time): GET /js/profile.js
Sat Aug 01 2020 09:26:51 GMT-0700 (Pacific Daylight Time): GET /
Sat Aug 01 2020 09:26:52 GMT-0700 (Pacific Daylight Time): GET /public/js/maven.js
Sat Aug 01 2020 09:26:52 GMT-0700 (Pacific Daylight Time): GET /js/home.js
Sat Aug 01 2020 09:26:52 GMT-0700 (Pacific Daylight Time): GET /js/profile.js
Sat Aug 01 2020 09:26:53 GMT-0700 (Pacific Daylight Time): GET /public/js/maven.js
Sat Aug 01 2020 09:26:53 GMT-0700 (Pacific Daylight Time): GET /js/home.js
Sat Aug 01 2020 09:26:53 GMT-0700 (Pacific Daylight Time): GET /js/profile.js
Sat Aug 01 2020 09:28:24 GMT-0700 (Pacific Daylight Time): GET /
Sat Aug 01 2020 09:28:24 GMT-0700 (Pacific Daylight Time): GET /public/js/maven.js
Sat Aug 01 2020 09:28:24 GMT-0700 (Pacific Daylight Time): GET /public/js/maven.js
Sat Aug 01 2020 09:30:31 GMT-0700 (Pacific Daylight Time): GET /
Sat Aug 01 2020 09:30:31 GMT-0700 (Pacific Daylight Time): GET /public/js/maven.js
Sat Aug 01 2020 09:30:31 GMT-0700 (Pacific Daylight Time): GET /public/js/maven.js
Sat Aug 01 2020 10:01:27 GMT-0700 (Pacific Daylight Time): GET /?
Sat Aug 01 2020 10:01:28 GMT-0700 (Pacific Daylight Time): GET /?
Sat Aug 01 2020 10:01:30 GMT-0700 (Pacific Daylight Time): GET /
Sat Aug 01 2020 10:01:33 GMT-0700 (Pacific Daylight Time): GET /second
Sat Aug 01 2020 10:42:44 GMT-0700 (Pacific Daylight Time): GET /
Sat Aug 01 2020 10:42:48 GMT-0700 (Pacific Daylight Time): GET /?
Sat Aug 01 2020 10:42:54 GMT-0700 (Pacific Daylight Time): GET /
Sat Aug 01 2020 10:47:41 GMT-0700 (Pacific Daylight Time): GET /login
Sat Aug 01 2020 10:47:47 GMT-0700 (Pacific Daylight Time): GET /home
Sat Aug 01 2020 10:47:52 GMT-0700 (Pacific Daylight Time): GET /second/1
Sat Aug 01 2020 10:47:52 GMT-0700 (Pacific Daylight Time): GET /second/1
Sat Aug 01 2020 10:50:03 GMT-0700 (Pacific Daylight Time): GET /login
Sat Aug 01 2020 10:50:06 GMT-0700 (Pacific Daylight Time): GET /
Sat Aug 01 2020 10:50:13 GMT-0700 (Pacific Daylight Time): GET /login
Sat Aug 01 2020 10:50:15 GMT-0700 (Pacific Daylight Time): GET /
Sat Aug 01 2020 10:50:19 GMT-0700 (Pacific Daylight Time): GET /login
Sat Aug 01 2020 10:51:49 GMT-0700 (Pacific Daylight Time): GET /
Sat Aug 01 2020 10:51:59 GMT-0700 (Pacific Daylight Time): GET /login
Sat Aug 01 2020 10:57:30 GMT-0700 (Pacific Daylight Time): GET /login
Sat Aug 01 2020 10:57:33 GMT-0700 (Pacific Daylight Time): GET /
Sat Aug 01 2020 10:57:36 GMT-0700 (Pacific Daylight Time): GET /
Sat Aug 01 2020 10:57:38 GMT-0700 (Pacific Daylight Time): GET /
Sat Aug 01 2020 10:57:39 GMT-0700 (Pacific Daylight Time): GET /
Sat Aug 01 2020 11:01:17 GMT-0700 (Pacific Daylight Time): GET /
Sat Aug 01 2020 11:01:19 GMT-0700 (Pacific Daylight Time): GET /signup
Sat Aug 01 2020 11:01:20 GMT-0700 (Pacific Daylight Time): GET /login
Sat Aug 01 2020 11:01:39 GMT-0700 (Pacific Daylight Time): GET /login
Sat Aug 01 2020 11:01:44 GMT-0700 (Pacific Daylight Time): GET /
Sat Aug 01 2020 11:01:47 GMT-0700 (Pacific Daylight Time): GET /signup
Sat Aug 01 2020 11:01:49 GMT-0700 (Pacific Daylight Time): GET /
Sat Aug 01 2020 11:03:21 GMT-0700 (Pacific Daylight Time): GET /
Sat Aug 01 2020 11:03:23 GMT-0700 (Pacific Daylight Time): GET /signup
Sat Aug 01 2020 11:03:24 GMT-0700 (Pacific Daylight Time): GET /
Sat Aug 01 2020 11:03:27 GMT-0700 (Pacific Daylight Time): GET /home
Sat Aug 01 2020 11:03:29 GMT-0700 (Pacific Daylight Time): GET /second/1
Sat Aug 01 2020 11:03:29 GMT-0700 (Pacific Daylight Time): GET /second/1
Sat Aug 01 2020 11:03:31 GMT-0700 (Pacific Daylight Time): DELETE /second/api/subgoals/24
Sat Aug 01 2020 11:03:37 GMT-0700 (Pacific Daylight Time): GET /second/1
Sat Aug 01 2020 11:03:43 GMT-0700 (Pacific Daylight Time): GET /
Sat Aug 01 2020 11:03:43 GMT-0700 (Pacific Daylight Time): GET /
Sat Aug 01 2020 11:16:58 GMT-0700 (Pacific Daylight Time): GET /
Sat Aug 01 2020 11:17:11 GMT-0700 (Pacific Daylight Time): GET /signup
Sat Aug 01 2020 11:17:18 GMT-0700 (Pacific Daylight Time): GET /
Sat Aug 01 2020 11:17:24 GMT-0700 (Pacific Daylight Time): GET /home
Sat Aug 01 2020 11:17:29 GMT-0700 (Pacific Daylight Time): GET /second/1
Sat Aug 01 2020 11:17:29 GMT-0700 (Pacific Daylight Time): GET /second/1
Sat Aug 01 2020 11:17:46 GMT-0700 (Pacific Daylight Time): GET /
Sat Aug 01 2020 11:17:47 GMT-0700 (Pacific Daylight Time): GET /
Sat Aug 01 2020 11:17:59 GMT-0700 (Pacific Daylight Time): GET /home
Sat Aug 01 2020 11:20:16 GMT-0700 (Pacific Daylight Time): GET /second/2
Sat Aug 01 2020 11:20:16 GMT-0700 (Pacific Daylight Time): GET /second/2
Sat Aug 01 2020 11:20:42 GMT-0700 (Pacific Daylight Time): POST /api/subgoals
Sat Aug 01 2020 11:20:42 GMT-0700 (Pacific Daylight Time): GET /second/2
Sat Aug 01 2020 11:20:45 GMT-0700 (Pacific Daylight Time): GET /second/2
Sat Aug 01 2020 11:20:55 GMT-0700 (Pacific Daylight Time): PUT /api/subgoals/22
Sat Aug 01 2020 11:20:55 GMT-0700 (Pacific Daylight Time): GET /second/2
Sat Aug 01 2020 11:21:04 GMT-0700 (Pacific Daylight Time): GET /second/2
Sat Aug 01 2020 11:23:42 GMT-0700 (Pacific Daylight Time): GET /api/moment
Sat Aug 01 2020 11:23:44 GMT-0700 (Pacific Daylight Time): GET /api/moment
Sat Aug 01 2020 11:23:50 GMT-0700 (Pacific Daylight Time): POST /api/tasks
Sat Aug 01 2020 11:24:29 GMT-0700 (Pacific Daylight Time): GET /second/1
Sat Aug 01 2020 11:24:29 GMT-0700 (Pacific Daylight Time): GET /second/1
Sat Aug 01 2020 11:27:08 GMT-0700 (Pacific Daylight Time): GET /second/1
Sat Aug 01 2020 11:27:46 GMT-0700 (Pacific Daylight Time): POST /api/tasks
Sat Aug 01 2020 11:27:46 GMT-0700 (Pacific Daylight Time): GET /second/1
Sat Aug 01 2020 11:27:52 GMT-0700 (Pacific Daylight Time): POST /api/tasks
Sat Aug 01 2020 11:27:52 GMT-0700 (Pacific Daylight Time): GET /second/1
Sat Aug 01 2020 11:28:01 GMT-0700 (Pacific Daylight Time): POST /api/tasks
Sat Aug 01 2020 11:28:01 GMT-0700 (Pacific Daylight Time): GET /second/1
Sat Aug 01 2020 11:28:05 GMT-0700 (Pacific Daylight Time): DELETE /second/api/subgoals/27
Sat Aug 01 2020 11:28:16 GMT-0700 (Pacific Daylight Time): POST /api/tasks
Sat Aug 01 2020 11:28:16 GMT-0700 (Pacific Daylight Time): GET /second/1
Sat Aug 01 2020 11:28:28 GMT-0700 (Pacific Daylight Time): DELETE /second/api/subgoals/24
Sat Aug 01 2020 11:40:01 GMT-0700 (Pacific Daylight Time): GET /
Sat Aug 01 2020 11:40:04 GMT-0700 (Pacific Daylight Time): GET /?
Sat Aug 01 2020 11:40:06 GMT-0700 (Pacific Daylight Time): GET /signup
Sat Aug 01 2020 11:40:07 GMT-0700 (Pacific Daylight Time): GET /signup?
Sat Aug 01 2020 11:54:52 GMT-0700 (Pacific Daylight Time): GET /second
Sat Aug 01 2020 11:54:53 GMT-0700 (Pacific Daylight Time): GET /second/1
Sat Aug 01 2020 11:54:59 GMT-0700 (Pacific Daylight Time): DELETE /api/tasks/23
Sat Aug 01 2020 11:54:59 GMT-0700 (Pacific Daylight Time): GET /second/1
Sat Aug 01 2020 11:55:05 GMT-0700 (Pacific Daylight Time): PUT /api/tasks/20
Sat Aug 01 2020 11:55:05 GMT-0700 (Pacific Daylight Time): GET /second/1
Sat Aug 01 2020 11:55:11 GMT-0700 (Pacific Daylight Time): PUT /api/subgoals/24
Sat Aug 01 2020 11:55:11 GMT-0700 (Pacific Daylight Time): GET /second/1
Sat Aug 01 2020 11:55:13 GMT-0700 (Pacific Daylight Time): DELETE /second/api/subgoals/24
Sat Aug 01 2020 11:56:07 GMT-0700 (Pacific Daylight Time): POST /api/subgoals
Sat Aug 01 2020 11:56:07 GMT-0700 (Pacific Daylight Time): GET /second/1
Sat Aug 01 2020 11:56:15 GMT-0700 (Pacific Daylight Time): POST /api/subgoals
Sat Aug 01 2020 11:56:15 GMT-0700 (Pacific Daylight Time): GET /second/1
Sat Aug 01 2020 11:56:18 GMT-0700 (Pacific Daylight Time): DELETE /second/api/subgoals/29
Sat Aug 01 2020 11:56:57 GMT-0700 (Pacific Daylight Time): GET /second/1
Sat Aug 01 2020 11:57:00 GMT-0700 (Pacific Daylight Time): DELETE /second/api/subgoals/28
Sat Aug 01 2020 11:57:04 GMT-0700 (Pacific Daylight Time): DELETE /second/api/subgoals/28
Sat Aug 01 2020 11:59:14 GMT-0700 (Pacific Daylight Time): GET /second/1
Sat Aug 01 2020 11:59:16 GMT-0700 (Pacific Daylight Time): DELETE /second/api/subgoals/29
Sat Aug 01 2020 12:02:55 GMT-0700 (Pacific Daylight Time): GET /home
Sat Aug 01 2020 12:03:04 GMT-0700 (Pacific Daylight Time): GET /second/1
Sat Aug 01 2020 12:03:04 GMT-0700 (Pacific Daylight Time): GET /second/1
Sat Aug 01 2020 12:03:08 GMT-0700 (Pacific Daylight Time): DELETE /second/api/subgoals/26
Sat Aug 01 2020 12:03:11 GMT-0700 (Pacific Daylight Time): DELETE /second/api/subgoals/26
Sat Aug 01 2020 12:07:09 GMT-0700 (Pacific Daylight Time): GET /second/1
Sat Aug 01 2020 12:07:47 GMT-0700 (Pacific Daylight Time): DELETE /second/api/subgoals/29
Sat Aug 01 2020 12:11:33 GMT-0700 (Pacific Daylight Time): GET /second/1
Sat Aug 01 2020 12:11:53 GMT-0700 (Pacific Daylight Time): GET /second/1
Sat Aug 01 2020 12:12:03 GMT-0700 (Pacific Daylight Time): DELETE /second/api/subgoals/28
Sat Aug 01 2020 12:13:59 GMT-0700 (Pacific Daylight Time): GET /second
Sat Aug 01 2020 12:14:01 GMT-0700 (Pacific Daylight Time): GET /second/1
Sat Aug 01 2020 12:14:09 GMT-0700 (Pacific Daylight Time): DELETE /second/api/subgoals/28
Sat Aug 01 2020 12:14:21 GMT-0700 (Pacific Daylight Time): GET /second/1
Sat Aug 01 2020 12:16:14 GMT-0700 (Pacific Daylight Time): GET /second/1
Sat Aug 01 2020 12:16:16 GMT-0700 (Pacific Daylight Time): DELETE /second/api/subgoals/24
Sat Aug 01 2020 12:16:19 GMT-0700 (Pacific Daylight Time): DELETE /second/api/subgoals/28
Sat Aug 01 2020 12:16:46 GMT-0700 (Pacific Daylight Time): GET /second/1
Sat Aug 01 2020 12:16:46 GMT-0700 (Pacific Daylight Time): GET /second/1
Sat Aug 01 2020 12:17:19 GMT-0700 (Pacific Daylight Time): DELETE /api/tasks/22
Sat Aug 01 2020 12:17:19 GMT-0700 (Pacific Daylight Time): GET /second/1
Sat Aug 01 2020 12:17:24 GMT-0700 (Pacific Daylight Time): PUT /api/tasks/21
Sat Aug 01 2020 12:17:24 GMT-0700 (Pacific Daylight Time): GET /second/1
Sat Aug 01 2020 12:17:27 GMT-0700 (Pacific Daylight Time): DELETE /api/tasks/21
Sat Aug 01 2020 12:17:27 GMT-0700 (Pacific Daylight Time): GET /second/1
Sat Aug 01 2020 12:17:30 GMT-0700 (Pacific Daylight Time): DELETE /second/api/subgoals/26
Sat Aug 01 2020 12:17:44 GMT-0700 (Pacific Daylight Time): DELETE /second/api/subgoals/28
Sat Aug 01 2020 12:29:24 GMT-0700 (Pacific Daylight Time): GET /favicon.ico
Sat Aug 01 2020 12:33:58 GMT-0700 (Pacific Daylight Time): GET /
Sat Aug 01 2020 12:34:56 GMT-0700 (Pacific Daylight Time): GET /signup
Sat Aug 01 2020 12:35:00 GMT-0700 (Pacific Daylight Time): GET /home
Sat Aug 01 2020 12:35:04 GMT-0700 (Pacific Daylight Time): GET /second/1
Sat Aug 01 2020 12:35:04 GMT-0700 (Pacific Daylight Time): GET /second/1
Sat Aug 01 2020 12:35:13 GMT-0700 (Pacific Daylight Time): GET /
Sat Aug 01 2020 12:35:13 GMT-0700 (Pacific Daylight Time): GET /
Sat Aug 01 2020 12:35:23 GMT-0700 (Pacific Daylight Time): GET /home
Sat Aug 01 2020 12:36:18 GMT-0700 (Pacific Daylight Time): GET /
Sat Aug 01 2020 12:36:33 GMT-0700 (Pacific Daylight Time): GET /home
Sat Aug 01 2020 12:37:02 GMT-0700 (Pacific Daylight Time): GET /login
Sat Aug 01 2020 12:37:07 GMT-0700 (Pacific Daylight Time): GET /
Sat Aug 01 2020 12:37:08 GMT-0700 (Pacific Daylight Time): GET /?
Sat Aug 01 2020 12:37:18 GMT-0700 (Pacific Daylight Time): GET /signup
Sat Aug 01 2020 12:37:20 GMT-0700 (Pacific Daylight Time): GET /signup?
Sat Aug 01 2020 12:37:21 GMT-0700 (Pacific Daylight Time): GET /signup?
Sat Aug 01 2020 12:40:12 GMT-0700 (Pacific Daylight Time): GET /
Sat Aug 01 2020 12:44:47 GMT-0700 (Pacific Daylight Time): GET /second
Sat Aug 01 2020 12:44:49 GMT-0700 (Pacific Daylight Time): GET /second/1
Sat Aug 01 2020 12:44:59 GMT-0700 (Pacific Daylight Time): DELETE /second/api/subgoals/28
Sat Aug 01 2020 12:45:00 GMT-0700 (Pacific Daylight Time): DELETE /second/api/subgoals/28
Sat Aug 01 2020 12:45:04 GMT-0700 (Pacific Daylight Time): DELETE /api/tasks/20
Sat Aug 01 2020 12:45:04 GMT-0700 (Pacific Daylight Time): GET /second/1
Sat Aug 01 2020 12:46:26 GMT-0700 (Pacific Daylight Time): DELETE /second/api/subgoals/28
Sat Aug 01 2020 12:49:03 GMT-0700 (Pacific Daylight Time): GET /second/1
Sat Aug 01 2020 12:49:06 GMT-0700 (Pacific Daylight Time): DELETE /second/api/subgoals/29
Sat Aug 01 2020 13:01:34 GMT-0700 (Pacific Daylight Time): GET /second/1
Sat Aug 01 2020 13:02:31 GMT-0700 (Pacific Daylight Time): DELETE /second/api/subgoals/28
Sat Aug 01 2020 13:19:39 GMT-0700 (Pacific Daylight Time): GET /second/1
Sat Aug 01 2020 13:19:55 GMT-0700 (Pacific Daylight Time): GET /second/1
Sat Aug 01 2020 13:20:00 GMT-0700 (Pacific Daylight Time): GET /second/1
Sat Aug 01 2020 13:42:40 GMT-0700 (Pacific Daylight Time): GET /second/1
Sat Aug 01 2020 13:42:47 GMT-0700 (Pacific Daylight Time): GET /
Sat Aug 01 2020 13:42:49 GMT-0700 (Pacific Daylight Time): GET /signup
Sat Aug 01 2020 13:43:00 GMT-0700 (Pacific Daylight Time): GET /signup?
Sat Aug 01 2020 13:44:38 GMT-0700 (Pacific Daylight Time): GET /signup?
Sat Aug 01 2020 13:44:43 GMT-0700 (Pacific Daylight Time): GET /signup?
Sat Aug 01 2020 13:45:41 GMT-0700 (Pacific Daylight Time): GET /signup?
Sat Aug 01 2020 13:45:43 GMT-0700 (Pacific Daylight Time): GET /signup?
Sat Aug 01 2020 13:45:44 GMT-0700 (Pacific Daylight Time): GET /signup?
Sat Aug 01 2020 13:46:16 GMT-0700 (Pacific Daylight Time): GET /signup?
Sat Aug 01 2020 13:46:19 GMT-0700 (Pacific Daylight Time): GET /signup?
Sat Aug 01 2020 13:49:11 GMT-0700 (Pacific Daylight Time): GET /signup?
Sat Aug 01 2020 13:49:13 GMT-0700 (Pacific Daylight Time): GET /signup?
Sat Aug 01 2020 13:49:14 GMT-0700 (Pacific Daylight Time): GET /signup?
Sat Aug 01 2020 13:52:24 GMT-0700 (Pacific Daylight Time): GET /signup?
Sat Aug 01 2020 13:52:26 GMT-0700 (Pacific Daylight Time): GET /signup?
Sat Aug 01 2020 13:52:27 GMT-0700 (Pacific Daylight Time): GET /signup?
Sat Aug 01 2020 13:52:42 GMT-0700 (Pacific Daylight Time): GET /signup?
Sat Aug 01 2020 13:52:51 GMT-0700 (Pacific Daylight Time): GET /signup
Sat Aug 01 2020 13:52:54 GMT-0700 (Pacific Daylight Time): GET /
Sat Aug 01 2020 13:52:59 GMT-0700 (Pacific Daylight Time): GET /signup
Sat Aug 01 2020 13:53:10 GMT-0700 (Pacific Daylight Time): GET /signup
Sat Aug 01 2020 13:53:21 GMT-0700 (Pacific Daylight Time): GET /signup
Sat Aug 01 2020 13:53:25 GMT-0700 (Pacific Daylight Time): GET /
Sat Aug 01 2020 13:53:28 GMT-0700 (Pacific Daylight Time): GET /signup
Sat Aug 01 2020 13:53:38 GMT-0700 (Pacific Daylight Time): GET /signup
Sat Aug 01 2020 13:53:43 GMT-0700 (Pacific Daylight Time): GET /signup
Sat Aug 01 2020 13:53:58 GMT-0700 (Pacific Daylight Time): GET /signup
Sat Aug 01 2020 13:54:01 GMT-0700 (Pacific Daylight Time): GET /signup?
Sat Aug 01 2020 13:54:03 GMT-0700 (Pacific Daylight Time): GET /signup?
Sat Aug 01 2020 13:54:54 GMT-0700 (Pacific Daylight Time): GET /signup?
Sat Aug 01 2020 13:54:57 GMT-0700 (Pacific Daylight Time): GET /signup?
Sat Aug 01 2020 13:55:08 GMT-0700 (Pacific Daylight Time): GET /signup?
Sat Aug 01 2020 13:55:10 GMT-0700 (Pacific Daylight Time): GET /signup?
Sat Aug 01 2020 13:55:12 GMT-0700 (Pacific Daylight Time): GET /signup?
Sat Aug 01 2020 18:03:30 GMT-0700 (Pacific Daylight Time): GET /
Sat Aug 01 2020 18:03:39 GMT-0700 (Pacific Daylight Time): GET /second/1
Sat Aug 01 2020 18:03:42 GMT-0700 (Pacific Daylight Time): DELETE /second/api/subgoals/24
Sat Aug 01 2020 18:08:40 GMT-0700 (Pacific Daylight Time): GET /second/1
Sat Aug 01 2020 18:08:42 GMT-0700 (Pacific Daylight Time): DELETE /second/api/subgoals/29
Sat Aug 01 2020 18:11:24 GMT-0700 (Pacific Daylight Time): GET /second/1
Sat Aug 01 2020 18:11:26 GMT-0700 (Pacific Daylight Time): DELETE /second/api/subgoals/29
